<?xml version="1.0" encoding="UTF-8"?>
<coverage generated="1650196649622" clover="3.2.0">
  <project timestamp="1650196649622" name="All files">
    <metrics statements="8" coveredstatements="8" conditionals="2" coveredconditionals="2" methods="2" coveredmethods="2" elements="12" coveredelements="12" complexity="0" loc="8" ncloc="8" packages="1" files="1" classes="1"/>
    <file name="app.js" path="/Users/rodri/Documents/Coding/0_repos/jest_testing_template/app.js">
      <metrics statements="8" coveredstatements="8" conditionals="2" coveredconditionals="2" methods="2" coveredmethods="2"/>
      <line num="1" count="1" type="cond" truecount="1" falsecount="0"/>
      <line num="2" count="1" type="stmt"/>
      <line num="3" count="1" type="stmt"/>
      <line num="4" count="1" type="cond" truecount="1" falsecount="0"/>
      <line num="5" count="1" type="stmt"/>
      <line num="6" count="1" type="stmt"/>
      <line num="7" count="1" type="stmt"/>
      <line num="8" count="1" type="stmt"/>
    </file>
  </project>
</coverage>
